Determining if the pthread_create exist failed with the following output:
Change Dir: /mnt/c/Users/Public/my_ros/build/CMakeFiles/CMakeTmp

Run Build Command:"/usr/bin/make" "cmTC_ff78e/fast"
/usr/bin/make -f CMakeFiles/cmTC_ff78e.dir/build.make CMakeFiles/cmTC_ff78e.dir/build
make[1]: Entering directory '/mnt/c/Users/Public/my_ros/build/CMakeFiles/CMakeTmp'
Building C object CMakeFiles/cmTC_ff78e.dir/CheckSymbolExists.c.o
/usr/bin/cc     -o CMakeFiles/cmTC_ff78e.dir/CheckSymbolExists.c.o   -c /mnt/c/Users/Public/my_ros/build/CMakeFiles/CMakeTmp/CheckSymbolExists.c
Linking C executable cmTC_ff78e
/usr/bin/cmake -E cmake_link_script CMakeFiles/cmTC_ff78e.dir/link.txt --verbose=1
/usr/bin/cc       CMakeFiles/cmTC_ff78e.dir/CheckSymbolExists.c.o  -o cmTC_ff78e -rdynamic 
CMakeFiles/cmTC_ff78e.dir/CheckSymbolExists.c.o: In function `main':
CheckSymbolExists.c:(.text+0x16): undefined reference to `pthread_create'
collect2: error: ld returned 1 exit status
CMakeFiles/cmTC_ff78e.dir/build.make:97: recipe for target 'cmTC_ff78e' failed
make[1]: *** [cmTC_ff78e] Error 1
make[1]: Leaving directory '/mnt/c/Users/Public/my_ros/build/CMakeFiles/CMakeTmp'
Makefile:126: recipe for target 'cmTC_ff78e/fast' failed
make: *** [cmTC_ff78e/fast] Error 2

File /mnt/c/Users/Public/my_ros/build/CMakeFiles/CMakeTmp/CheckSymbolExists.c:
/* */
#include <pthread.h>

int main(int argc, char** argv)
{
  (void)argv;
#ifndef pthread_create
  return ((int*)(&pthread_create))[argc];
#else
  (void)argc;
  return 0;
#endif
}

Determining if the function pthread_create exists in the pthreads failed with the following output:
Change Dir: /mnt/c/Users/Public/my_ros/build/CMakeFiles/CMakeTmp

Run Build Command:"/usr/bin/make" "cmTC_1f05c/fast"
/usr/bin/make -f CMakeFiles/cmTC_1f05c.dir/build.make CMakeFiles/cmTC_1f05c.dir/build
make[1]: Entering directory '/mnt/c/Users/Public/my_ros/build/CMakeFiles/CMakeTmp'
Building C object CMakeFiles/cmTC_1f05c.dir/CheckFunctionExists.c.o
/usr/bin/cc    -DCHECK_FUNCTION_EXISTS=pthread_create   -o CMakeFiles/cmTC_1f05c.dir/CheckFunctionExists.c.o   -c /usr/share/cmake-3.5/Modules/CheckFunctionExists.c
Linking C executable cmTC_1f05c
/usr/bin/cmake -E cmake_link_script CMakeFiles/cmTC_1f05c.dir/link.txt --verbose=1
/usr/bin/cc   -DCHECK_FUNCTION_EXISTS=pthread_create    CMakeFiles/cmTC_1f05c.dir/CheckFunctionExists.c.o  -o cmTC_1f05c -rdynamic -lpthreads 
/usr/bin/ld: cannot find -lpthreads
collect2: error: ld returned 1 exit status
CMakeFiles/cmTC_1f05c.dir/build.make:97: recipe for target 'cmTC_1f05c' failed
make[1]: *** [cmTC_1f05c] Error 1
make[1]: Leaving directory '/mnt/c/Users/Public/my_ros/build/CMakeFiles/CMakeTmp'
Makefile:126: recipe for target 'cmTC_1f05c/fast' failed
make: *** [cmTC_1f05c/fast] Error 2


